<?xml version="1.0" encoding="UTF-8"?>
<!-- Generated by org.testng.reporters.JUnitXMLReporter -->
<testsuite hostname="DESKTOP-BSR4KSA" ignored="0" name="OpencartTest(failed)" tests="1" failures="1" timestamp="2023-02-01T13:39:29 CST" time="7.535" errors="0">
  <testcase name="test_LoginDDT" time="0.455" classname="testCases.TC_003_LoginDDT">
    <failure type="java.lang.AssertionError" message="null">
      <![CDATA[java.lang.AssertionError: null
at testCases.TC_003_LoginDDT.test_LoginDDT(TC_003_LoginDDT.java:64)
at java.util.ArrayList.forEach(ArrayList.java:1259)
... Removed 29 stack frames]]>
    </failure>
  </testcase> <!-- test_LoginDDT -->
</testsuite> <!-- OpencartTest(failed) -->
